\BOOKMARK [0][-]{chapter.1}{\376\377\000S\000y\000s\000t\000e\000m\000\040\000s\000p\000e\000c\000i\000f\000i\000c\000a\000t\000i\000o\000n\000s}{}% 1
\BOOKMARK [1][-]{section.1.1}{\376\377\000P\000r\000o\000d\000u\000c\000t\000\040\000r\000e\000q\000u\000i\000r\000e\000m\000e\000n\000t\000s}{chapter.1}% 2
\BOOKMARK [1][-]{section.1.2}{\376\377\000D\000e\000s\000i\000g\000n\000\040\000s\000p\000e\000c\000i\000f\000i\000c\000a\000t\000i\000o\000n}{chapter.1}% 3
\BOOKMARK [0][-]{chapter.2}{\376\377\000S\000y\000s\000t\000e\000m\000\040\000D\000e\000s\000i\000g\000n}{}% 4
\BOOKMARK [1][-]{section.2.1}{\376\377\000S\000y\000s\000t\000e\000m\000\040\000b\000e\000h\000a\000v\000i\000o\000r}{chapter.2}% 5
\BOOKMARK [1][-]{section.2.2}{\376\377\000H\000a\000r\000d\000w\000a\000r\000e\000\040\000d\000e\000s\000c\000r\000i\000p\000t\000i\000o\000n}{chapter.2}% 6
\BOOKMARK [2][-]{subsection.2.2.1}{\376\377\000B\000o\000a\000r\000d\000\040\000N\000u\000c\000l\000e\000o\000\040\000S\000T\000M\0003\0002}{section.2.2}% 7
\BOOKMARK [2][-]{subsection.2.2.2}{\376\377\000C\000a\000m\000e\000r\000a\000\040\000O\000V\0007\0006\0007\0000}{section.2.2}% 8
\BOOKMARK [2][-]{subsection.2.2.3}{\376\377\000U\000a\000r\000t\000\040\000t\000o\000\040\000M\000i\000c\000r\000o\000U\000S\000B\000\040\000C\000P\0002\0001\0000\0002}{section.2.2}% 9
\BOOKMARK [1][-]{section.2.3}{\376\377\000D\000e\000s\000i\000g\000n\000\040\000H\000a\000r\000d\000w\000a\000r\000e}{chapter.2}% 10
\BOOKMARK [2][-]{subsection.2.3.1}{\376\377\000O\000V\0007\0006\0007\0000\000\040\000b\000l\000o\000c\000k\000\040\000a\000n\000d\000\040\000c\000o\000n\000n\000e\000c\000t\000i\000o\000n}{section.2.3}% 11
\BOOKMARK [2][-]{subsection.2.3.2}{\376\377\000H\000a\000r\000d\000w\000a\000r\000e\000\040\000c\000o\000n\000n\000e\000c\000t\000i\000o\000n}{section.2.3}% 12
\BOOKMARK [2][-]{subsection.2.3.3}{\376\377\000M\000C\000U\000\040\000p\000i\000n\000o\000u\000t}{section.2.3}% 13
\BOOKMARK [2][-]{subsection.2.3.4}{\376\377\000S\000y\000s\000t\000e\000m\000\040\000A\000r\000c\000h\000i\000t\000e\000c\000t\000u\000r\000e}{section.2.3}% 14
\BOOKMARK [2][-]{subsection.2.3.5}{\376\377\000S\000c\000h\000e\000m\000a\000t\000i\000c}{section.2.3}% 15
\BOOKMARK [1][-]{section.2.4}{\376\377\000T\000h\000e\000\040\000c\000l\000o\000c\000k\000\040\000c\000o\000n\000f\000i\000g\000u\000r\000a\000t\000i\000o\000n}{chapter.2}% 16
\BOOKMARK [2][-]{subsection.2.4.1}{\376\377\000M\000a\000i\000n\000\040\000c\000l\000o\000c\000k\000\040\000t\000r\000e\000e}{section.2.4}% 17
\BOOKMARK [2][-]{subsection.2.4.2}{\376\377\000T\000h\000e\000\040\000c\000l\000o\000c\000k\000\040\000s\000o\000u\000r\000c\000e\000\040\000f\000o\000r\000\040\000t\000h\000e\000\040\000c\000a\000m\000e\000r\000a\000\040\000m\000o\000d\000u\000l\000e}{section.2.4}% 18
\BOOKMARK [1][-]{section.2.5}{\376\377\000S\000o\000f\000t\000w\000a\000r\000e}{chapter.2}% 19
\BOOKMARK [2][-]{subsection.2.5.1}{\376\377\000I\000n\000t\000e\000r\000f\000a\000c\000e}{section.2.5}% 20
\BOOKMARK [2][-]{subsection.2.5.2}{\376\377\000M\000e\000m\000o\000r\000y\000\040\000m\000a\000n\000a\000g\000e\000m\000e\000n\000t}{section.2.5}% 21
\BOOKMARK [2][-]{subsection.2.5.3}{\376\377\000S\000o\000f\000t\000w\000a\000r\000e\000\040\000a\000c\000h\000i\000t\000e\000c\000t\000u\000r\000e}{section.2.5}% 22
\BOOKMARK [2][-]{subsection.2.5.4}{\376\377\000S\000o\000f\000t\000w\000a\000r\000e\000\040\000i\000m\000p\000l\000e\000m\000e\000n\000t\000a\000t\000i\000o\000n}{section.2.5}% 23
\BOOKMARK [0][-]{chapter.3}{\376\377\000D\000e\000s\000i\000g\000n\000\040\000I\000s\000s\000u\000e\000s}{}% 24
\BOOKMARK [1][-]{section.3.1}{\376\377\000C\000o\000n\000s\000t\000r\000a\000i\000n\000t\000\040\000i\000s\000s\000u\000e\000s}{chapter.3}% 25
\BOOKMARK [1][-]{section.3.2}{\376\377\000F\000u\000n\000c\000t\000i\000o\000n\000\040\000i\000s\000s\000u\000e\000s}{chapter.3}% 26
\BOOKMARK [1][-]{section.3.3}{\376\377\000R\000e\000a\000l\000t\000i\000m\000e\000\040\000i\000s\000s\000u\000e\000s}{chapter.3}% 27
\BOOKMARK [1][-]{section.3.4}{\376\377\000C\000o\000n\000c\000u\000r\000r\000e\000n\000t\000\040\000i\000s\000s\000u\000e\000s}{chapter.3}% 28
\BOOKMARK [1][-]{section.3.5}{\376\377\000R\000e\000a\000c\000t\000i\000v\000e\000\040\000i\000s\000s\000u\000e\000s}{chapter.3}% 29
\BOOKMARK [0][-]{chapter.4}{\376\377\000C\000o\000n\000c\000l\000u\000s\000i\000o\000n\000\040\000a\000n\000d\000\040\000P\000l\000a\000n}{}% 30
\BOOKMARK [0][-]{chapter.5}{\376\377\000R\000e\000f\000e\000r\000e\000n\000c\000e\000s}{}% 31
